<?xml version="1.0" encoding="UTF-8"?>
<testng-results ignored="0" total="2" passed="2" failed="0" skipped="0">
  <reporter-output>
  </reporter-output>
  <suite started-at="2022-09-05T12:57:40 IST" name="testPackage.TestClass_TestNG" finished-at="2022-09-05T12:57:40 IST" duration-ms="126">
    <groups>
    </groups>
    <test started-at="2022-09-05T12:57:40 IST" name="Command line test" finished-at="2022-09-05T12:57:40 IST" duration-ms="126">
      <class name="testPackage.TestClass_TestNG">
        <test-method is-config="true" signature="beforeClass()[pri:0, instance:testPackage.TestClass_TestNG@1a052a00]" started-at="2022-09-05T12:57:40 IST" name="beforeClass" finished-at="2022-09-05T12:57:40 IST" duration-ms="29" status="PASS">
          <reporter-output>
          </reporter-output>
        </test-method> <!-- beforeClass -->
        <test-method is-config="true" signature="beforeMethod()[pri:0, instance:testPackage.TestClass_TestNG@1a052a00]" started-at="2022-09-05T12:57:40 IST" name="beforeMethod" finished-at="2022-09-05T12:57:40 IST" duration-ms="0" status="PASS">
          <reporter-output>
          </reporter-output>
        </test-method> <!-- beforeMethod -->
        <test-method signature="testB()[pri:0, instance:testPackage.TestClass_TestNG@1a052a00]" started-at="2022-09-05T12:57:40 IST" name="testB" finished-at="2022-09-05T12:57:40 IST" duration-ms="3" status="PASS">
          <reporter-output>
          </reporter-output>
        </test-method> <!-- testB -->
        <test-method is-config="true" signature="aftermethod()[pri:0, instance:testPackage.TestClass_TestNG@1a052a00]" started-at="2022-09-05T12:57:40 IST" name="aftermethod" finished-at="2022-09-05T12:57:40 IST" duration-ms="1" status="PASS">
          <reporter-output>
          </reporter-output>
        </test-method> <!-- aftermethod -->
        <test-method is-config="true" signature="beforeMethod()[pri:0, instance:testPackage.TestClass_TestNG@1a052a00]" started-at="2022-09-05T12:57:40 IST" name="beforeMethod" finished-at="2022-09-05T12:57:40 IST" duration-ms="0" status="PASS">
          <reporter-output>
          </reporter-output>
        </test-method> <!-- beforeMethod -->
        <test-method signature="testC()[pri:0, instance:testPackage.TestClass_TestNG@1a052a00]" started-at="2022-09-05T12:57:40 IST" name="testC" finished-at="2022-09-05T12:57:40 IST" duration-ms="1" status="PASS">
          <reporter-output>
          </reporter-output>
        </test-method> <!-- testC -->
        <test-method is-config="true" signature="aftermethod()[pri:0, instance:testPackage.TestClass_TestNG@1a052a00]" started-at="2022-09-05T12:57:40 IST" name="aftermethod" finished-at="2022-09-05T12:57:40 IST" duration-ms="0" status="PASS">
          <reporter-output>
          </reporter-output>
        </test-method> <!-- aftermethod -->
        <test-method is-config="true" signature="afterClass()[pri:0, instance:testPackage.TestClass_TestNG@1a052a00]" started-at="2022-09-05T12:57:40 IST" name="afterClass" finished-at="2022-09-05T12:57:40 IST" duration-ms="1" status="PASS">
          <reporter-output>
          </reporter-output>
        </test-method> <!-- afterClass -->
      </class> <!-- testPackage.TestClass_TestNG -->
    </test> <!-- Command line test -->
  </suite> <!-- testPackage.TestClass_TestNG -->
</testng-results>
